2019-09-04 00:39:55 - application - INFO         *** The logger is activated. ***
2019-09-04 00:39:55 - application - INFO         This is an info message
2019-09-04 00:39:55 - application - WARNING      This is a warning message
2019-09-04 00:39:55 - application - ERROR        This is an error message
2019-09-04 00:39:55 - application - CRITICAL     This is a critical message
2019-09-04 00:39:55 - application - INFO         This is an info message
2019-09-04 00:39:55 - application - WARNING      This is a warning message
2019-09-04 00:39:55 - application - ERROR        This is an error message
2019-09-04 00:39:55 - application - CRITICAL     This is a critical message
2019-09-04 00:39:55 - application - INFO         This is an info message
2019-09-04 00:39:55 - application - WARNING      This is a warning message
2019-09-04 00:39:55 - application - ERROR        This is an error message
2019-09-04 00:39:55 - application - CRITICAL     This is a critical message
2019-09-04 00:39:55 - application - INFO         This is an info message
2019-09-04 00:39:55 - application - WARNING      This is a warning message
2019-09-04 00:39:55 - application - ERROR        This is an error message
2019-09-04 00:39:55 - application - CRITICAL     This is a critical message
2019-09-04 00:39:55 - application - INFO         This is an info message
2019-09-04 00:39:55 - application - WARNING      This is a warning message
2019-09-04 00:39:55 - application - ERROR        This is an error message
2019-09-04 00:39:55 - application - CRITICAL     This is a critical message
2019-09-04 00:47:11 - application - INFO         *** The logger is activated. ***
2019-09-04 00:47:11 - application - INFO         This is an info message
2019-09-04 00:47:11 - application - WARNING      This is a warning message
2019-09-04 00:47:11 - application - ERROR        This is an error message
2019-09-04 00:47:11 - application - CRITICAL     This is a critical message
2019-09-04 00:47:11 - application - INFO         This is an info message
2019-09-04 00:47:11 - application - WARNING      This is a warning message
2019-09-04 00:47:11 - application - ERROR        This is an error message
2019-09-04 00:47:11 - application - CRITICAL     This is a critical message
2019-09-04 00:47:11 - application - INFO         This is an info message
2019-09-04 00:47:11 - application - WARNING      This is a warning message
2019-09-04 00:47:11 - application - ERROR        This is an error message
2019-09-04 00:47:11 - application - CRITICAL     This is a critical message
2019-09-04 00:47:11 - application - INFO         This is an info message
2019-09-04 00:47:11 - application - WARNING      This is a warning message
2019-09-04 00:47:11 - application - ERROR        This is an error message
2019-09-04 00:47:11 - application - CRITICAL     This is a critical message
2019-09-04 00:47:11 - application - INFO         This is an info message
2019-09-04 00:47:11 - application - WARNING      This is a warning message
2019-09-04 00:47:11 - application - ERROR        This is an error message
2019-09-04 00:47:11 - application - CRITICAL     This is a critical message
2019-09-04 00:47:11 - application - INFO         This is an info message
2019-09-04 00:47:11 - application - WARNING      This is a warning message
2019-09-04 00:47:11 - application - ERROR        This is an error message
2019-09-04 00:47:11 - application - CRITICAL     This is a critical message
2019-09-04 00:47:11 - application - INFO         This is an info message
2019-09-04 00:47:11 - application - WARNING      This is a warning message
2019-09-04 00:47:11 - application - ERROR        This is an error message
2019-09-04 00:47:11 - application - CRITICAL     This is a critical message
2019-09-04 00:47:11 - application - INFO         This is an info message
2019-09-04 00:47:11 - application - WARNING      This is a warning message
2019-09-04 00:47:11 - application - ERROR        This is an error message
2019-09-04 00:47:11 - application - CRITICAL     This is a critical message
2019-09-04 00:47:11 - application - INFO         This is an info message
2019-09-04 00:47:11 - application - WARNING      This is a warning message
2019-09-04 00:47:11 - application - ERROR        This is an error message
2019-09-04 00:47:11 - application - CRITICAL     This is a critical message
2019-09-04 00:47:11 - application - INFO         This is an info message
2019-09-04 00:47:11 - application - WARNING      This is a warning message
2019-09-04 00:47:11 - application - ERROR        This is an error message
2019-09-04 00:47:11 - application - CRITICAL     This is a critical message
2019-09-04 00:47:11 - application - INFO         This is an info message
2019-09-04 00:47:11 - application - WARNING      This is a warning message
2019-09-04 00:47:11 - application - ERROR        This is an error message
2019-09-04 00:47:11 - application - CRITICAL     This is a critical message
2019-09-04 00:47:11 - application - INFO         This is an info message
2019-09-04 00:47:11 - application - WARNING      This is a warning message
2019-09-04 00:47:11 - application - ERROR        This is an error message
2019-09-04 00:47:11 - application - CRITICAL     This is a critical message
2019-09-04 00:47:11 - application - INFO         This is an info message
2019-09-04 00:47:11 - application - WARNING      This is a warning message
2019-09-04 00:47:11 - application - ERROR        This is an error message
2019-09-04 00:47:11 - application - CRITICAL     This is a critical message
2019-09-04 00:47:11 - application - INFO         This is an info message
2019-09-04 00:47:11 - application - WARNING      This is a warning message
2019-09-04 00:47:11 - application - ERROR        This is an error message
2019-09-04 00:47:11 - application - CRITICAL     This is a critical message
2019-09-04 00:47:11 - application - INFO         This is an info message
2019-09-04 00:47:11 - application - WARNING      This is a warning message
2019-09-04 00:47:11 - application - ERROR        This is an error message
2019-09-04 00:47:11 - application - CRITICAL     This is a critical message
2019-09-04 00:47:11 - application - INFO         This is an info message
2019-09-04 00:47:11 - application - WARNING      This is a warning message
2019-09-04 00:47:11 - application - ERROR        This is an error message
2019-09-04 00:47:11 - application - CRITICAL     This is a critical message
2019-09-04 00:47:11 - application - INFO         This is an info message
2019-09-04 00:47:11 - application - WARNING      This is a warning message
2019-09-04 00:47:11 - application - ERROR        This is an error message
2019-09-04 00:47:11 - application - CRITICAL     This is a critical message
2019-09-04 00:47:11 - application - INFO         This is an info message
2019-09-04 00:47:11 - application - WARNING      This is a warning message
2019-09-04 00:47:11 - application - ERROR        This is an error message
2019-09-04 00:47:11 - application - CRITICAL     This is a critical message
2019-09-04 00:47:11 - application - INFO         This is an info message
2019-09-04 00:47:11 - application - WARNING      This is a warning message
2019-09-04 00:47:11 - application - ERROR        This is an error message
2019-09-04 00:47:11 - application - CRITICAL     This is a critical message
2019-09-04 00:47:11 - application - INFO         This is an info message
2019-09-04 00:47:11 - application - WARNING      This is a warning message
2019-09-04 00:47:11 - application - ERROR        This is an error message
2019-09-04 00:47:11 - application - CRITICAL     This is a critical message
2019-09-04 00:47:11 - application - INFO         This is an info message
2019-09-04 00:47:11 - application - WARNING      This is a warning message
2019-09-04 00:47:11 - application - ERROR        This is an error message
2019-09-04 00:47:11 - application - CRITICAL     This is a critical message
2019-09-04 00:47:11 - application - INFO         This is an info message
2019-09-04 00:47:11 - application - WARNING      This is a warning message
2019-09-04 00:47:11 - application - ERROR        This is an error message
2019-09-04 00:47:11 - application - CRITICAL     This is a critical message
2019-09-04 00:47:11 - application - INFO         This is an info message
2019-09-04 00:47:11 - application - WARNING      This is a warning message
2019-09-04 00:47:11 - application - ERROR        This is an error message
2019-09-04 00:47:11 - application - CRITICAL     This is a critical message
2019-09-04 00:47:11 - application - INFO         This is an info message
2019-09-04 00:47:11 - application - WARNING      This is a warning message
2019-09-04 00:47:11 - application - ERROR        This is an error message
2019-09-04 00:47:11 - application - CRITICAL     This is a critical message
2019-09-04 00:47:11 - application - INFO         This is an info message
2019-09-04 00:47:11 - application - WARNING      This is a warning message
2019-09-04 00:47:11 - application - ERROR        This is an error message
2019-09-04 00:47:11 - application - CRITICAL     This is a critical message
2019-09-04 00:47:11 - application - INFO         This is an info message
2019-09-04 00:47:11 - application - WARNING      This is a warning message
2019-09-04 00:47:11 - application - ERROR        This is an error message
2019-09-04 00:47:11 - application - CRITICAL     This is a critical message
2019-09-04 00:47:11 - application - INFO         This is an info message
2019-09-04 00:47:11 - application - WARNING      This is a warning message
2019-09-04 00:47:11 - application - ERROR        This is an error message
2019-09-04 00:47:11 - application - CRITICAL     This is a critical message
2019-09-04 00:47:11 - application - INFO         This is an info message
2019-09-04 00:47:11 - application - WARNING      This is a warning message
2019-09-04 00:47:11 - application - ERROR        This is an error message
2019-09-04 00:47:11 - application - CRITICAL     This is a critical message
2019-09-04 00:47:11 - application - INFO         This is an info message
2019-09-04 00:47:11 - application - WARNING      This is a warning message
2019-09-04 00:47:11 - application - ERROR        This is an error message
2019-09-04 00:47:11 - application - CRITICAL     This is a critical message
2019-09-04 00:47:11 - application - INFO         This is an info message
2019-09-04 00:47:11 - application - WARNING      This is a warning message
2019-09-04 00:47:11 - application - ERROR        This is an error message
2019-09-04 00:47:11 - application - CRITICAL     This is a critical message
2019-09-04 00:47:11 - application - INFO         This is an info message
2019-09-04 00:47:11 - application - WARNING      This is a warning message
2019-09-04 00:47:11 - application - ERROR        This is an error message
2019-09-04 00:47:11 - application - CRITICAL     This is a critical message
2019-09-04 00:47:11 - application - INFO         This is an info message
2019-09-04 00:47:11 - application - WARNING      This is a warning message
2019-09-04 00:47:11 - application - ERROR        This is an error message
2019-09-04 00:47:11 - application - CRITICAL     This is a critical message
2019-09-04 00:47:11 - application - INFO         This is an info message
2019-09-04 00:47:11 - application - WARNING      This is a warning message
2019-09-04 00:47:11 - application - ERROR        This is an error message
2019-09-04 00:47:11 - application - CRITICAL     This is a critical message
2019-09-04 00:47:11 - application - INFO         This is an info message
2019-09-04 00:47:11 - application - WARNING      This is a warning message
2019-09-04 00:47:11 - application - ERROR        This is an error message
2019-09-04 00:47:11 - application - CRITICAL     This is a critical message
2019-09-04 00:47:11 - application - INFO         This is an info message
2019-09-04 00:47:11 - application - WARNING      This is a warning message
2019-09-04 00:47:11 - application - ERROR        This is an error message
2019-09-04 00:47:11 - application - CRITICAL     This is a critical message
2019-09-04 00:47:11 - application - INFO         This is an info message
2019-09-04 00:47:11 - application - WARNING      This is a warning message
2019-09-04 00:47:11 - application - ERROR        This is an error message
2019-09-04 00:47:11 - application - CRITICAL     This is a critical message
2019-09-04 00:47:11 - application - INFO         This is an info message
2019-09-04 00:47:11 - application - WARNING      This is a warning message
2019-09-04 00:47:11 - application - ERROR        This is an error message
2019-09-04 00:47:11 - application - CRITICAL     This is a critical message
2019-09-04 00:47:11 - application - INFO         This is an info message
2019-09-04 00:47:11 - application - WARNING      This is a warning message
2019-09-04 00:47:11 - application - ERROR        This is an error message
2019-09-04 00:47:11 - application - CRITICAL     This is a critical message
2019-09-04 00:47:11 - application - INFO         This is an info message
2019-09-04 00:47:11 - application - WARNING      This is a warning message
2019-09-04 00:47:11 - application - ERROR        This is an error message
2019-09-04 00:47:11 - application - CRITICAL     This is a critical message
2019-09-04 00:47:11 - application - INFO         This is an info message
2019-09-04 00:47:11 - application - WARNING      This is a warning message
2019-09-04 00:47:11 - application - ERROR        This is an error message
2019-09-04 00:47:11 - application - CRITICAL     This is a critical message
2019-09-04 00:47:11 - application - INFO         This is an info message
2019-09-04 00:47:11 - application - WARNING      This is a warning message
2019-09-04 00:47:11 - application - ERROR        This is an error message
2019-09-04 00:47:11 - application - CRITICAL     This is a critical message
2019-09-04 00:47:11 - application - INFO         This is an info message
2019-09-04 00:47:11 - application - WARNING      This is a warning message
2019-09-04 00:47:11 - application - ERROR        This is an error message
2019-09-04 00:47:11 - application - CRITICAL     This is a critical message
2019-09-04 00:47:11 - application - INFO         This is an info message
2019-09-04 00:47:11 - application - WARNING      This is a warning message
2019-09-04 00:47:11 - application - ERROR        This is an error message
2019-09-04 00:47:11 - application - CRITICAL     This is a critical message
2019-09-04 00:47:11 - application - INFO         This is an info message
2019-09-04 00:47:11 - application - WARNING      This is a warning message
2019-09-04 00:47:11 - application - ERROR        This is an error message
2019-09-04 00:47:11 - application - CRITICAL     This is a critical message
2019-09-04 00:47:11 - application - INFO         This is an info message
2019-09-04 00:47:11 - application - WARNING      This is a warning message
2019-09-04 00:47:11 - application - ERROR        This is an error message
2019-09-04 00:47:11 - application - CRITICAL     This is a critical message
2019-09-04 00:47:11 - application - INFO         This is an info message
2019-09-04 00:47:11 - application - WARNING      This is a warning message
2019-09-04 00:47:11 - application - ERROR        This is an error message
2019-09-04 00:47:11 - application - CRITICAL     This is a critical message
2019-09-04 00:47:11 - application - INFO         This is an info message
2019-09-04 00:47:11 - application - WARNING      This is a warning message
2019-09-04 00:47:11 - application - ERROR        This is an error message
2019-09-04 00:47:11 - application - CRITICAL     This is a critical message
2019-09-04 00:47:11 - application - INFO         This is an info message
2019-09-04 00:47:11 - application - WARNING      This is a warning message
2019-09-04 00:47:11 - application - ERROR        This is an error message
2019-09-04 00:47:11 - application - CRITICAL     This is a critical message
2019-09-04 00:47:11 - application - INFO         This is an info message
2019-09-04 00:47:11 - application - WARNING      This is a warning message
2019-09-04 00:47:11 - application - ERROR        This is an error message
2019-09-04 00:47:11 - application - CRITICAL     This is a critical message
2019-09-04 00:47:11 - application - INFO         This is an info message
2019-09-04 00:47:11 - application - WARNING      This is a warning message
2019-09-04 00:47:11 - application - ERROR        This is an error message
2019-09-04 00:47:11 - application - CRITICAL     This is a critical message
