2019-09-04 00:39:23 - debugging - INFO         *** The logger is activated. ***
2019-09-04 00:39:23 - debugging - DEBUG        This is a debug message
2019-09-04 00:39:23 - debugging - INFO         This is an info message
2019-09-04 00:39:23 - debugging - WARNING      This is a warning message
2019-09-04 00:39:23 - debugging - ERROR        This is an error message
2019-09-04 00:39:23 - debugging - CRITICAL     This is a critical message
2019-09-04 00:39:23 - debugging - DEBUG        This is a debug message
2019-09-04 00:39:23 - debugging - INFO         This is an info message
2019-09-04 00:39:23 - debugging - WARNING      This is a warning message
2019-09-04 00:39:23 - debugging - ERROR        This is an error message
2019-09-04 00:39:23 - debugging - CRITICAL     This is a critical message
2019-09-04 00:39:23 - debugging - DEBUG        This is a debug message
2019-09-04 00:39:23 - debugging - INFO         This is an info message
2019-09-04 00:39:23 - debugging - WARNING      This is a warning message
2019-09-04 00:39:23 - debugging - ERROR        This is an error message
2019-09-04 00:39:23 - debugging - CRITICAL     This is a critical message
2019-09-04 00:39:23 - debugging - DEBUG        This is a debug message
2019-09-04 00:39:23 - debugging - INFO         This is an info message
2019-09-04 00:39:23 - debugging - WARNING      This is a warning message
2019-09-04 00:39:23 - debugging - ERROR        This is an error message
2019-09-04 00:39:23 - debugging - CRITICAL     This is a critical message
2019-09-04 00:39:23 - debugging - DEBUG        This is a debug message
2019-09-04 00:39:23 - debugging - INFO         This is an info message
2019-09-04 00:39:23 - debugging - WARNING      This is a warning message
2019-09-04 00:39:23 - debugging - ERROR        This is an error message
2019-09-04 00:39:23 - debugging - CRITICAL     This is a critical message
